<?xml version="1.0" encoding="UTF-8"?>
<!-- Generated by org.testng.reporters.JUnitReportReporter -->
<testsuite hostname="Rohith" failures="0" tests="1" name="LoginTest" time="3.058" errors="0" timestamp="2025-07-31T16:19:04 IST" skipped="0">
  <testcase classname="LoginTest" name="testLoginProcessOnceAndPass" time="3.058"/>
</testsuite> <!-- LoginTest -->
