<?xml version="1.0" encoding="UTF-8"?>
<!-- Generated by org.testng.reporters.JUnitReportReporter -->
<testsuite hostname="Rohith" failures="0" tests="2" name="com.janitri.LoginTest" time="1.731" errors="0" timestamp="2025-07-31T16:19:04 IST" skipped="0">
  <testcase classname="com.janitri.LoginTest" name="testLoginAndRefresh" time="0.923"/>
  <testcase classname="com.janitri.LoginTest" name="testLoginWithPasswordToggleAndSubmit" time="0.808"/>
</testsuite> <!-- com.janitri.LoginTest -->
